Watching for file changes with StatReloader
[29/Jun/2026 21:30:24] "GET / HTTP/1.1" 200 6907
[29/Jun/2026 21:30:24,807] - Broken pipe from ('127.0.0.1', 50399)
[29/Jun/2026 21:31:38] "GET / HTTP/1.1" 200 6907
[29/Jun/2026 21:31:39] "GET /static/css/identity.css HTTP/1.1" 200 7586
[29/Jun/2026 21:31:39] "GET /static/img/cluster-color.png HTTP/1.1" 200 208385
[29/Jun/2026 21:31:39] "GET /static/img/asir-white.png HTTP/1.1" 200 153880
[29/Jun/2026 21:31:39] "GET /static/img/asir-hero.png HTTP/1.1" 200 2229277
[29/Jun/2026 21:31:56] "GET / HTTP/1.1" 200 6907
[29/Jun/2026 21:31:56] "GET /static/css/identity.css HTTP/1.1" 200 7586
[29/Jun/2026 21:31:56] "GET /static/img/asir-white.png HTTP/1.1" 200 153880
[29/Jun/2026 21:31:56] "GET /static/img/cluster-color.png HTTP/1.1" 200 208385
[29/Jun/2026 21:31:56] "GET /static/img/asir-hero.png HTTP/1.1" 200 2229277
Not Found: /favicon.ico
[29/Jun/2026 21:31:57] "GET /favicon.ico HTTP/1.1" 404 5237
Not Found: /.well-known/appspecific/com.chrome.devtools.json
[29/Jun/2026 21:32:08] "GET /.well-known/appspecific/com.chrome.devtools.json HTTP/1.1" 404 5348
[29/Jun/2026 21:32:14] "GET /journey/ HTTP/1.1" 200 4981
Not Found: /.well-known/appspecific/com.chrome.devtools.json
[29/Jun/2026 21:32:14] "GET /.well-known/appspecific/com.chrome.devtools.json HTTP/1.1" 404 5348
[29/Jun/2026 21:32:16] "GET /events/ HTTP/1.1" 200 3740
Not Found: /.well-known/appspecific/com.chrome.devtools.json
[29/Jun/2026 21:32:16] "GET /.well-known/appspecific/com.chrome.devtools.json HTTP/1.1" 404 5348
[29/Jun/2026 21:32:17] "GET /nearby/ HTTP/1.1" 200 5900
Not Found: /.well-known/appspecific/com.chrome.devtools.json
[29/Jun/2026 21:32:17] "GET /.well-known/appspecific/com.chrome.devtools.json HTTP/1.1" 404 5348
[29/Jun/2026 21:32:19] "GET /assistant/ HTTP/1.1" 200 4022
Not Found: /.well-known/appspecific/com.chrome.devtools.json
[29/Jun/2026 21:32:19] "GET /.well-known/appspecific/com.chrome.devtools.json HTTP/1.1" 404 5348
[29/Jun/2026 21:32:19] "GET /static/img/doctor.png HTTP/1.1" 200 1391355
C:\Users\Test2\helth2026\qr\forms.py changed, reloading.
Watching for file changes with StatReloader
[29/Jun/2026 22:26:25] "GET /assistant/ HTTP/1.1" 200 4022
Not Found: /.well-known/appspecific/com.chrome.devtools.json
[29/Jun/2026 22:26:25] "GET /.well-known/appspecific/com.chrome.devtools.json HTTP/1.1" 404 5348
[29/Jun/2026 22:26:26] "GET /static/css/identity.css HTTP/1.1" 200 7586
[29/Jun/2026 22:26:26] "GET /static/img/cluster-color.png HTTP/1.1" 200 208385
[29/Jun/2026 22:26:26] "GET /static/img/doctor.png HTTP/1.1" 200 1391355
[29/Jun/2026 22:26:26] "GET /static/img/asir-white.png HTTP/1.1" 200 153880
Not Found: /favicon.ico
[29/Jun/2026 22:26:26] "GET /favicon.ico HTTP/1.1" 404 5237
C:\Users\Test2\helth2026\dashboard\views.py changed, reloading.
Watching for file changes with StatReloader
C:\Users\Test2\helth2026\hero\models.py changed, reloading.
Watching for file changes with StatReloader
C:\Users\Test2\helth2026\qr\views.py changed, reloading.
Watching for file changes with StatReloader
Exception in thread django-main-thread:
Traceback (most recent call last):
  File "C:\Users\Test2\AppData\Local\Programs\Python\Python313\Lib\threading.py", line 1043, in _bootstrap_inner
    self.run()
    ~~~~~~~~^^
  File "C:\Users\Test2\AppData\Local\Programs\Python\Python313\Lib\threading.py", line 994, in run
    self._target(*self._args, **self._kwargs)
    ~~~~~~~~~~~~^^^^^^^^^^^^^^^^^^^^^^^^^^^^^
  File "C:\Users\Test2\helth2026\venv\Lib\site-packages\django\utils\autoreload.py", line 64, in wrapper
    fn(*args, **kwargs)
    ~~^^^^^^^^^^^^^^^^^
  File "C:\Users\Test2\helth2026\venv\Lib\site-packages\django\core\management\commands\runserver.py", line 134, in inner_run
    self.check(**check_kwargs)
    ~~~~~~~~~~^^^^^^^^^^^^^^^^
  File "C:\Users\Test2\helth2026\venv\Lib\site-packages\django\core\management\base.py", line 496, in check
    all_issues = checks.run_checks(
        app_configs=app_configs,
    ...<2 lines>...
        databases=databases,
    )
  File "C:\Users\Test2\helth2026\venv\Lib\site-packages\django\core\checks\registry.py", line 89, in run_checks
    new_errors = check(app_configs=app_configs, databases=databases)
  File "C:\Users\Test2\helth2026\venv\Lib\site-packages\django\core\checks\urls.py", line 16, in check_url_config
    return check_resolver(resolver)
  File "C:\Users\Test2\helth2026\venv\Lib\site-packages\django\core\checks\urls.py", line 26, in check_resolver
    return check_method()
  File "C:\Users\Test2\helth2026\venv\Lib\site-packages\django\urls\resolvers.py", line 541, in check
    for pattern in self.url_patterns:
                   ^^^^^^^^^^^^^^^^^
  File "C:\Users\Test2\helth2026\venv\Lib\site-packages\django\utils\functional.py", line 47, in __get__
    res = instance.__dict__[self.name] = self.func(instance)
                                         ~~~~~~~~~^^^^^^^^^^
  File "C:\Users\Test2\helth2026\venv\Lib\site-packages\django\urls\resolvers.py", line 729, in url_patterns
    patterns = getattr(self.urlconf_module, "urlpatterns", self.urlconf_module)
                       ^^^^^^^^^^^^^^^^^^^
  File "C:\Users\Test2\helth2026\venv\Lib\site-packages\django\utils\functional.py", line 47, in __get__
    res = instance.__dict__[self.name] = self.func(instance)
                                         ~~~~~~~~~^^^^^^^^^^
  File "C:\Users\Test2\helth2026\venv\Lib\site-packages\django\urls\resolvers.py", line 722, in urlconf_module
    return import_module(self.urlconf_name)
  File "C:\Users\Test2\AppData\Local\Programs\Python\Python313\Lib\importlib\__init__.py", line 88, in import_module
    return _bootstrap._gcd_import(name[level:], package, level)
           ~~~~~~~~~~~~~~~~~~~~~~^^^^^^^^^^^^^^^^^^^^^^^^^^^^^^
  File "<frozen importlib._bootstrap>", line 1387, in _gcd_import
  File "<frozen importlib._bootstrap>", line 1360, in _find_and_load
  File "<frozen importlib._bootstrap>", line 1331, in _find_and_load_unlocked
  File "<frozen importlib._bootstrap>", line 935, in _load_unlocked
  File "<frozen importlib._bootstrap_external>", line 1026, in exec_module
  File "<frozen importlib._bootstrap>", line 488, in _call_with_frames_removed
  File "C:\Users\Test2\helth2026\helth2026\urls.py", line 23, in <module>
    from hero import views as hero_views
  File "C:\Users\Test2\helth2026\hero\views.py", line 3, in <module>
    from .forms import HeroChallengeForm
ModuleNotFoundError: No module named 'hero.forms'
C:\Users\Test2\helth2026\hero\views.py changed, reloading.
Watching for file changes with StatReloader
Exception in thread django-main-thread:
Traceback (most recent call last):
  File "C:\Users\Test2\AppData\Local\Programs\Python\Python313\Lib\threading.py", line 1043, in _bootstrap_inner
    self.run()
    ~~~~~~~~^^
  File "C:\Users\Test2\AppData\Local\Programs\Python\Python313\Lib\threading.py", line 994, in run
    self._target(*self._args, **self._kwargs)
    ~~~~~~~~~~~~^^^^^^^^^^^^^^^^^^^^^^^^^^^^^
  File "C:\Users\Test2\helth2026\venv\Lib\site-packages\django\utils\autoreload.py", line 64, in wrapper
    fn(*args, **kwargs)
    ~~^^^^^^^^^^^^^^^^^
  File "C:\Users\Test2\helth2026\venv\Lib\site-packages\django\core\management\commands\runserver.py", line 134, in inner_run
    self.check(**check_kwargs)
    ~~~~~~~~~~^^^^^^^^^^^^^^^^
  File "C:\Users\Test2\helth2026\venv\Lib\site-packages\django\core\management\base.py", line 496, in check
    all_issues = checks.run_checks(
        app_configs=app_configs,
    ...<2 lines>...
        databases=databases,
    )
  File "C:\Users\Test2\helth2026\venv\Lib\site-packages\django\core\checks\registry.py", line 89, in run_checks
    new_errors = check(app_configs=app_configs, databases=databases)
  File "C:\Users\Test2\helth2026\venv\Lib\site-packages\django\core\checks\urls.py", line 16, in check_url_config
    return check_resolver(resolver)
  File "C:\Users\Test2\helth2026\venv\Lib\site-packages\django\core\checks\urls.py", line 26, in check_resolver
    return check_method()
  File "C:\Users\Test2\helth2026\venv\Lib\site-packages\django\urls\resolvers.py", line 541, in check
    for pattern in self.url_patterns:
                   ^^^^^^^^^^^^^^^^^
  File "C:\Users\Test2\helth2026\venv\Lib\site-packages\django\utils\functional.py", line 47, in __get__
    res = instance.__dict__[self.name] = self.func(instance)
                                         ~~~~~~~~~^^^^^^^^^^
  File "C:\Users\Test2\helth2026\venv\Lib\site-packages\django\urls\resolvers.py", line 729, in url_patterns
    patterns = getattr(self.urlconf_module, "urlpatterns", self.urlconf_module)
                       ^^^^^^^^^^^^^^^^^^^
  File "C:\Users\Test2\helth2026\venv\Lib\site-packages\django\utils\functional.py", line 47, in __get__
    res = instance.__dict__[self.name] = self.func(instance)
                                         ~~~~~~~~~^^^^^^^^^^
  File "C:\Users\Test2\helth2026\venv\Lib\site-packages\django\urls\resolvers.py", line 722, in urlconf_module
    return import_module(self.urlconf_name)
  File "C:\Users\Test2\AppData\Local\Programs\Python\Python313\Lib\importlib\__init__.py", line 88, in import_module
    return _bootstrap._gcd_import(name[level:], package, level)
           ~~~~~~~~~~~~~~~~~~~~~~^^^^^^^^^^^^^^^^^^^^^^^^^^^^^^
  File "<frozen importlib._bootstrap>", line 1387, in _gcd_import
  File "<frozen importlib._bootstrap>", line 1360, in _find_and_load
  File "<frozen importlib._bootstrap>", line 1331, in _find_and_load_unlocked
  File "<frozen importlib._bootstrap>", line 935, in _load_unlocked
  File "<frozen importlib._bootstrap_external>", line 1026, in exec_module
  File "<frozen importlib._bootstrap>", line 488, in _call_with_frames_removed
  File "C:\Users\Test2\helth2026\helth2026\urls.py", line 23, in <module>
    from hero import views as hero_views
  File "C:\Users\Test2\helth2026\hero\views.py", line 3, in <module>
    from .forms import HeroChallengeForm
ModuleNotFoundError: No module named 'hero.forms'
C:\Users\Test2\helth2026\helth2026\settings.py changed, reloading.
Watching for file changes with StatReloader
Exception in thread django-main-thread:
Traceback (most recent call last):
  File "C:\Users\Test2\AppData\Local\Programs\Python\Python313\Lib\threading.py", line 1043, in _bootstrap_inner
    self.run()
    ~~~~~~~~^^
  File "C:\Users\Test2\AppData\Local\Programs\Python\Python313\Lib\threading.py", line 994, in run
    self._target(*self._args, **self._kwargs)
    ~~~~~~~~~~~~^^^^^^^^^^^^^^^^^^^^^^^^^^^^^
  File "C:\Users\Test2\helth2026\venv\Lib\site-packages\django\utils\autoreload.py", line 64, in wrapper
    fn(*args, **kwargs)
    ~~^^^^^^^^^^^^^^^^^
  File "C:\Users\Test2\helth2026\venv\Lib\site-packages\django\core\management\commands\runserver.py", line 134, in inner_run
    self.check(**check_kwargs)
    ~~~~~~~~~~^^^^^^^^^^^^^^^^
  File "C:\Users\Test2\helth2026\venv\Lib\site-packages\django\core\management\base.py", line 496, in check
    all_issues = checks.run_checks(
        app_configs=app_configs,
    ...<2 lines>...
        databases=databases,
    )
  File "C:\Users\Test2\helth2026\venv\Lib\site-packages\django\core\checks\registry.py", line 89, in run_checks
    new_errors = check(app_configs=app_configs, databases=databases)
  File "C:\Users\Test2\helth2026\venv\Lib\site-packages\django\core\checks\urls.py", line 16, in check_url_config
    return check_resolver(resolver)
  File "C:\Users\Test2\helth2026\venv\Lib\site-packages\django\core\checks\urls.py", line 26, in check_resolver
    return check_method()
  File "C:\Users\Test2\helth2026\venv\Lib\site-packages\django\urls\resolvers.py", line 541, in check
    for pattern in self.url_patterns:
                   ^^^^^^^^^^^^^^^^^
  File "C:\Users\Test2\helth2026\venv\Lib\site-packages\django\utils\functional.py", line 47, in __get__
    res = instance.__dict__[self.name] = self.func(instance)
                                         ~~~~~~~~~^^^^^^^^^^
  File "C:\Users\Test2\helth2026\venv\Lib\site-packages\django\urls\resolvers.py", line 729, in url_patterns
    patterns = getattr(self.urlconf_module, "urlpatterns", self.urlconf_module)
                       ^^^^^^^^^^^^^^^^^^^
  File "C:\Users\Test2\helth2026\venv\Lib\site-packages\django\utils\functional.py", line 47, in __get__
    res = instance.__dict__[self.name] = self.func(instance)
                                         ~~~~~~~~~^^^^^^^^^^
  File "C:\Users\Test2\helth2026\venv\Lib\site-packages\django\urls\resolvers.py", line 722, in urlconf_module
    return import_module(self.urlconf_name)
  File "C:\Users\Test2\AppData\Local\Programs\Python\Python313\Lib\importlib\__init__.py", line 88, in import_module
    return _bootstrap._gcd_import(name[level:], package, level)
           ~~~~~~~~~~~~~~~~~~~~~~^^^^^^^^^^^^^^^^^^^^^^^^^^^^^^
  File "<frozen importlib._bootstrap>", line 1387, in _gcd_import
  File "<frozen importlib._bootstrap>", line 1360, in _find_and_load
  File "<frozen importlib._bootstrap>", line 1331, in _find_and_load_unlocked
  File "<frozen importlib._bootstrap>", line 935, in _load_unlocked
  File "<frozen importlib._bootstrap_external>", line 1026, in exec_module
  File "<frozen importlib._bootstrap>", line 488, in _call_with_frames_removed
  File "C:\Users\Test2\helth2026\helth2026\urls.py", line 23, in <module>
    from hero import views as hero_views
  File "C:\Users\Test2\helth2026\hero\views.py", line 3, in <module>
    from .forms import HeroChallengeForm
ModuleNotFoundError: No module named 'hero.forms'
C:\Users\Test2\helth2026\assistant\models.py changed, reloading.
Watching for file changes with StatReloader
Exception in thread django-main-thread:
Traceback (most recent call last):
  File "C:\Users\Test2\AppData\Local\Programs\Python\Python313\Lib\threading.py", line 1043, in _bootstrap_inner
    self.run()
    ~~~~~~~~^^
  File "C:\Users\Test2\AppData\Local\Programs\Python\Python313\Lib\threading.py", line 994, in run
    self._target(*self._args, **self._kwargs)
    ~~~~~~~~~~~~^^^^^^^^^^^^^^^^^^^^^^^^^^^^^
  File "C:\Users\Test2\helth2026\venv\Lib\site-packages\django\utils\autoreload.py", line 64, in wrapper
    fn(*args, **kwargs)
    ~~^^^^^^^^^^^^^^^^^
  File "C:\Users\Test2\helth2026\venv\Lib\site-packages\django\core\management\commands\runserver.py", line 134, in inner_run
    self.check(**check_kwargs)
    ~~~~~~~~~~^^^^^^^^^^^^^^^^
  File "C:\Users\Test2\helth2026\venv\Lib\site-packages\django\core\management\base.py", line 496, in check
    all_issues = checks.run_checks(
        app_configs=app_configs,
    ...<2 lines>...
        databases=databases,
    )
  File "C:\Users\Test2\helth2026\venv\Lib\site-packages\django\core\checks\registry.py", line 89, in run_checks
    new_errors = check(app_configs=app_configs, databases=databases)
  File "C:\Users\Test2\helth2026\venv\Lib\site-packages\django\core\checks\urls.py", line 16, in check_url_config
    return check_resolver(resolver)
  File "C:\Users\Test2\helth2026\venv\Lib\site-packages\django\core\checks\urls.py", line 26, in check_resolver
    return check_method()
  File "C:\Users\Test2\helth2026\venv\Lib\site-packages\django\urls\resolvers.py", line 541, in check
    for pattern in self.url_patterns:
                   ^^^^^^^^^^^^^^^^^
  File "C:\Users\Test2\helth2026\venv\Lib\site-packages\django\utils\functional.py", line 47, in __get__
    res = instance.__dict__[self.name] = self.func(instance)
                                         ~~~~~~~~~^^^^^^^^^^
  File "C:\Users\Test2\helth2026\venv\Lib\site-packages\django\urls\resolvers.py", line 729, in url_patterns
    patterns = getattr(self.urlconf_module, "urlpatterns", self.urlconf_module)
                       ^^^^^^^^^^^^^^^^^^^
  File "C:\Users\Test2\helth2026\venv\Lib\site-packages\django\utils\functional.py", line 47, in __get__
    res = instance.__dict__[self.name] = self.func(instance)
                                         ~~~~~~~~~^^^^^^^^^^
  File "C:\Users\Test2\helth2026\venv\Lib\site-packages\django\urls\resolvers.py", line 722, in urlconf_module
    return import_module(self.urlconf_name)
  File "C:\Users\Test2\AppData\Local\Programs\Python\Python313\Lib\importlib\__init__.py", line 88, in import_module
    return _bootstrap._gcd_import(name[level:], package, level)
           ~~~~~~~~~~~~~~~~~~~~~~^^^^^^^^^^^^^^^^^^^^^^^^^^^^^^
  File "<frozen importlib._bootstrap>", line 1387, in _gcd_import
  File "<frozen importlib._bootstrap>", line 1360, in _find_and_load
  File "<frozen importlib._bootstrap>", line 1331, in _find_and_load_unlocked
  File "<frozen importlib._bootstrap>", line 935, in _load_unlocked
  File "<frozen importlib._bootstrap_external>", line 1026, in exec_module
  File "<frozen importlib._bootstrap>", line 488, in _call_with_frames_removed
  File "C:\Users\Test2\helth2026\helth2026\urls.py", line 23, in <module>
    from hero import views as hero_views
  File "C:\Users\Test2\helth2026\hero\views.py", line 3, in <module>
    from .forms import HeroChallengeForm
ModuleNotFoundError: No module named 'hero.forms'
C:\Users\Test2\helth2026\assistant\admin.py changed, reloading.
Watching for file changes with StatReloader
Exception in thread django-main-thread:
Traceback (most recent call last):
  File "C:\Users\Test2\AppData\Local\Programs\Python\Python313\Lib\threading.py", line 1043, in _bootstrap_inner
    self.run()
    ~~~~~~~~^^
  File "C:\Users\Test2\AppData\Local\Programs\Python\Python313\Lib\threading.py", line 994, in run
    self._target(*self._args, **self._kwargs)
    ~~~~~~~~~~~~^^^^^^^^^^^^^^^^^^^^^^^^^^^^^
  File "C:\Users\Test2\helth2026\venv\Lib\site-packages\django\utils\autoreload.py", line 64, in wrapper
    fn(*args, **kwargs)
    ~~^^^^^^^^^^^^^^^^^
  File "C:\Users\Test2\helth2026\venv\Lib\site-packages\django\core\management\commands\runserver.py", line 134, in inner_run
    self.check(**check_kwargs)
    ~~~~~~~~~~^^^^^^^^^^^^^^^^
  File "C:\Users\Test2\helth2026\venv\Lib\site-packages\django\core\management\base.py", line 496, in check
    all_issues = checks.run_checks(
        app_configs=app_configs,
    ...<2 lines>...
        databases=databases,
    )
  File "C:\Users\Test2\helth2026\venv\Lib\site-packages\django\core\checks\registry.py", line 89, in run_checks
    new_errors = check(app_configs=app_configs, databases=databases)
  File "C:\Users\Test2\helth2026\venv\Lib\site-packages\django\core\checks\urls.py", line 16, in check_url_config
    return check_resolver(resolver)
  File "C:\Users\Test2\helth2026\venv\Lib\site-packages\django\core\checks\urls.py", line 26, in check_resolver
    return check_method()
  File "C:\Users\Test2\helth2026\venv\Lib\site-packages\django\urls\resolvers.py", line 541, in check
    for pattern in self.url_patterns:
                   ^^^^^^^^^^^^^^^^^
  File "C:\Users\Test2\helth2026\venv\Lib\site-packages\django\utils\functional.py", line 47, in __get__
    res = instance.__dict__[self.name] = self.func(instance)
                                         ~~~~~~~~~^^^^^^^^^^
  File "C:\Users\Test2\helth2026\venv\Lib\site-packages\django\urls\resolvers.py", line 729, in url_patterns
    patterns = getattr(self.urlconf_module, "urlpatterns", self.urlconf_module)
                       ^^^^^^^^^^^^^^^^^^^
  File "C:\Users\Test2\helth2026\venv\Lib\site-packages\django\utils\functional.py", line 47, in __get__
    res = instance.__dict__[self.name] = self.func(instance)
                                         ~~~~~~~~~^^^^^^^^^^
  File "C:\Users\Test2\helth2026\venv\Lib\site-packages\django\urls\resolvers.py", line 722, in urlconf_module
    return import_module(self.urlconf_name)
  File "C:\Users\Test2\AppData\Local\Programs\Python\Python313\Lib\importlib\__init__.py", line 88, in import_module
    return _bootstrap._gcd_import(name[level:], package, level)
           ~~~~~~~~~~~~~~~~~~~~~~^^^^^^^^^^^^^^^^^^^^^^^^^^^^^^
  File "<frozen importlib._bootstrap>", line 1387, in _gcd_import
  File "<frozen importlib._bootstrap>", line 1360, in _find_and_load
  File "<frozen importlib._bootstrap>", line 1331, in _find_and_load_unlocked
  File "<frozen importlib._bootstrap>", line 935, in _load_unlocked
  File "<frozen importlib._bootstrap_external>", line 1026, in exec_module
  File "<frozen importlib._bootstrap>", line 488, in _call_with_frames_removed
  File "C:\Users\Test2\helth2026\helth2026\urls.py", line 23, in <module>
    from hero import views as hero_views
  File "C:\Users\Test2\helth2026\hero\views.py", line 3, in <module>
    from .forms import HeroChallengeForm
ModuleNotFoundError: No module named 'hero.forms'
C:\Users\Test2\helth2026\assistant\services.py changed, reloading.
Watching for file changes with StatReloader
Exception in thread django-main-thread:
Traceback (most recent call last):
  File "C:\Users\Test2\AppData\Local\Programs\Python\Python313\Lib\threading.py", line 1043, in _bootstrap_inner
    self.run()
    ~~~~~~~~^^
  File "C:\Users\Test2\AppData\Local\Programs\Python\Python313\Lib\threading.py", line 994, in run
    self._target(*self._args, **self._kwargs)
    ~~~~~~~~~~~~^^^^^^^^^^^^^^^^^^^^^^^^^^^^^
  File "C:\Users\Test2\helth2026\venv\Lib\site-packages\django\utils\autoreload.py", line 64, in wrapper
    fn(*args, **kwargs)
    ~~^^^^^^^^^^^^^^^^^
  File "C:\Users\Test2\helth2026\venv\Lib\site-packages\django\core\management\commands\runserver.py", line 134, in inner_run
    self.check(**check_kwargs)
    ~~~~~~~~~~^^^^^^^^^^^^^^^^
  File "C:\Users\Test2\helth2026\venv\Lib\site-packages\django\core\management\base.py", line 496, in check
    all_issues = checks.run_checks(
        app_configs=app_configs,
    ...<2 lines>...
        databases=databases,
    )
  File "C:\Users\Test2\helth2026\venv\Lib\site-packages\django\core\checks\registry.py", line 89, in run_checks
    new_errors = check(app_configs=app_configs, databases=databases)
  File "C:\Users\Test2\helth2026\venv\Lib\site-packages\django\core\checks\urls.py", line 16, in check_url_config
    return check_resolver(resolver)
  File "C:\Users\Test2\helth2026\venv\Lib\site-packages\django\core\checks\urls.py", line 26, in check_resolver
    return check_method()
  File "C:\Users\Test2\helth2026\venv\Lib\site-packages\django\urls\resolvers.py", line 541, in check
    for pattern in self.url_patterns:
                   ^^^^^^^^^^^^^^^^^
  File "C:\Users\Test2\helth2026\venv\Lib\site-packages\django\utils\functional.py", line 47, in __get__
    res = instance.__dict__[self.name] = self.func(instance)
                                         ~~~~~~~~~^^^^^^^^^^
  File "C:\Users\Test2\helth2026\venv\Lib\site-packages\django\urls\resolvers.py", line 729, in url_patterns
    patterns = getattr(self.urlconf_module, "urlpatterns", self.urlconf_module)
                       ^^^^^^^^^^^^^^^^^^^
  File "C:\Users\Test2\helth2026\venv\Lib\site-packages\django\utils\functional.py", line 47, in __get__
    res = instance.__dict__[self.name] = self.func(instance)
                                         ~~~~~~~~~^^^^^^^^^^
  File "C:\Users\Test2\helth2026\venv\Lib\site-packages\django\urls\resolvers.py", line 722, in urlconf_module
    return import_module(self.urlconf_name)
  File "C:\Users\Test2\AppData\Local\Programs\Python\Python313\Lib\importlib\__init__.py", line 88, in import_module
    return _bootstrap._gcd_import(name[level:], package, level)
           ~~~~~~~~~~~~~~~~~~~~~~^^^^^^^^^^^^^^^^^^^^^^^^^^^^^^
  File "<frozen importlib._bootstrap>", line 1387, in _gcd_import
  File "<frozen importlib._bootstrap>", line 1360, in _find_and_load
  File "<frozen importlib._bootstrap>", line 1331, in _find_and_load_unlocked
  File "<frozen importlib._bootstrap>", line 935, in _load_unlocked
  File "<frozen importlib._bootstrap_external>", line 1026, in exec_module
  File "<frozen importlib._bootstrap>", line 488, in _call_with_frames_removed
  File "C:\Users\Test2\helth2026\helth2026\urls.py", line 23, in <module>
    from hero import views as hero_views
  File "C:\Users\Test2\helth2026\hero\views.py", line 3, in <module>
    from .forms import HeroChallengeForm
ModuleNotFoundError: No module named 'hero.forms'
C:\Users\Test2\helth2026\hero\views.py changed, reloading.
Watching for file changes with StatReloader
C:\Users\Test2\helth2026\hero\services.py changed, reloading.
Watching for file changes with StatReloader
C:\Users\Test2\helth2026\hero\admin.py changed, reloading.
Watching for file changes with StatReloader
C:\Users\Test2\helth2026\qr\services.py changed, reloading.
Watching for file changes with StatReloader
C:\Users\Test2\helth2026\dashboard\views.py changed, reloading.
Watching for file changes with StatReloader
C:\Users\Test2\helth2026\qr\admin.py changed, reloading.
Watching for file changes with StatReloader
Internal Server Error: /hero/
Traceback (most recent call last):
  File "C:\Users\Test2\helth2026\venv\Lib\site-packages\django\db\backends\utils.py", line 105, in _execute
    return self.cursor.execute(sql, params)
           ~~~~~~~~~~~~~~~~~~~^^^^^^^^^^^^^
  File "C:\Users\Test2\helth2026\venv\Lib\site-packages\django\db\backends\sqlite3\base.py", line 359, in execute
    return super().execute(query, params)
           ~~~~~~~~~~~~~~~^^^^^^^^^^^^^^^
sqlite3.OperationalError: table hero_healthheroentry has no column named participant_name

The above exception was the direct cause of the following exception:

Traceback (most recent call last):
  File "C:\Users\Test2\helth2026\venv\Lib\site-packages\django\core\handlers\exception.py", line 55, in inner
    response = get_response(request)
  File "C:\Users\Test2\helth2026\venv\Lib\site-packages\django\core\handlers\base.py", line 198, in _get_response
    response = wrapped_callback(request, *callback_args, **callback_kwargs)
  File "C:\Users\Test2\helth2026\hero\views.py", line 13, in hero_view
    entry = evaluate_answers(request, request.POST, form.cleaned_data)
  File "C:\Users\Test2\helth2026\hero\services.py", line 37, in evaluate_answers
    return HealthHeroEntry.objects.create(
           ~~~~~~~~~~~~~~~~~~~~~~~~~~~~~~^
        visitor_id=visitor_id,
        ^^^^^^^^^^^^^^^^^^^^^^
    ...<5 lines>...
        answers=details,
        ^^^^^^^^^^^^^^^^
    )
    ^
  File "C:\Users\Test2\helth2026\venv\Lib\site-packages\django\db\models\manager.py", line 87, in manager_method
    return getattr(self.get_queryset(), name)(*args, **kwargs)
           ~~~~~~~~~~~~~~~~~~~~~~~~~~~~~~~~~~^^^^^^^^^^^^^^^^^
  File "C:\Users\Test2\helth2026\venv\Lib\site-packages\django\db\models\query.py", line 669, in create
    obj.save(force_insert=True, using=self.db)
    ~~~~~~~~^^^^^^^^^^^^^^^^^^^^^^^^^^^^^^^^^^
  File "C:\Users\Test2\helth2026\venv\Lib\site-packages\django\db\models\base.py", line 874, in save
    self.save_base(
    ~~~~~~~~~~~~~~^
        using=using,
        ^^^^^^^^^^^^
    ...<2 lines>...
        update_fields=update_fields,
        ^^^^^^^^^^^^^^^^^^^^^^^^^^^^
    )
    ^
  File "C:\Users\Test2\helth2026\venv\Lib\site-packages\django\db\models\base.py", line 966, in save_base
    updated = self._save_table(
        raw,
    ...<4 lines>...
        update_fields,
    )
  File "C:\Users\Test2\helth2026\venv\Lib\site-packages\django\db\models\base.py", line 1169, in _save_table
    results = self._do_insert(
        cls._base_manager, using, insert_fields, returning_fields, raw
    )
  File "C:\Users\Test2\helth2026\venv\Lib\site-packages\django\db\models\base.py", line 1220, in _do_insert
    return manager._insert(
           ~~~~~~~~~~~~~~~^
        [self],
        ^^^^^^^
    ...<3 lines>...
        raw=raw,
        ^^^^^^^^
    )
    ^
  File "C:\Users\Test2\helth2026\venv\Lib\site-packages\django\db\models\manager.py", line 87, in manager_method
    return getattr(self.get_queryset(), name)(*args, **kwargs)
           ~~~~~~~~~~~~~~~~~~~~~~~~~~~~~~~~~~^^^^^^^^^^^^^^^^^
  File "C:\Users\Test2\helth2026\venv\Lib\site-packages\django\db\models\query.py", line 1918, in _insert
    return query.get_compiler(using=using).execute_sql(returning_fields)
           ~~~~~~~~~~~~~~~~~~~~~~~~~~~~~~~~~~~~~~~~~~~^^^^^^^^^^^^^^^^^^
  File "C:\Users\Test2\helth2026\venv\Lib\site-packages\django\db\models\sql\compiler.py", line 1925, in execute_sql
    cursor.execute(sql, params)
    ~~~~~~~~~~~~~~^^^^^^^^^^^^^
  File "C:\Users\Test2\helth2026\venv\Lib\site-packages\django\db\backends\utils.py", line 122, in execute
    return super().execute(sql, params)
           ~~~~~~~~~~~~~~~^^^^^^^^^^^^^
  File "C:\Users\Test2\helth2026\venv\Lib\site-packages\django\db\backends\utils.py", line 79, in execute
    return self._execute_with_wrappers(
           ~~~~~~~~~~~~~~~~~~~~~~~~~~~^
        sql, params, many=False, executor=self._execute
        ^^^^^^^^^^^^^^^^^^^^^^^^^^^^^^^^^^^^^^^^^^^^^^^
    )
    ^
  File "C:\Users\Test2\helth2026\venv\Lib\site-packages\django\db\backends\utils.py", line 92, in _execute_with_wrappers
    return executor(sql, params, many, context)
  File "C:\Users\Test2\helth2026\venv\Lib\site-packages\django\db\backends\utils.py", line 100, in _execute
    with self.db.wrap_database_errors:
         ^^^^^^^^^^^^^^^^^^^^^^^^^^^^
  File "C:\Users\Test2\helth2026\venv\Lib\site-packages\django\db\utils.py", line 94, in __exit__
    raise dj_exc_value.with_traceback(traceback) from exc_value
  File "C:\Users\Test2\helth2026\venv\Lib\site-packages\django\db\backends\utils.py", line 105, in _execute
    return self.cursor.execute(sql, params)
           ~~~~~~~~~~~~~~~~~~~^^^^^^^^^^^^^
  File "C:\Users\Test2\helth2026\venv\Lib\site-packages\django\db\backends\sqlite3\base.py", line 359, in execute
    return super().execute(query, params)
           ~~~~~~~~~~~~~~~^^^^^^^^^^^^^^^
django.db.utils.OperationalError: table hero_healthheroentry has no column named participant_name
[30/Jun/2026 09:11:01] "POST /hero/ HTTP/1.1" 500 193506
[30/Jun/2026 09:14:12] "GET /admin/qr-locations/ HTTP/1.1" 302 0
[30/Jun/2026 09:14:12] "GET /assistant/ HTTP/1.1" 200 6095
[30/Jun/2026 09:14:12] "GET /hero/ HTTP/1.1" 200 17245
[30/Jun/2026 09:14:12] "GET / HTTP/1.1" 200 21593
[30/Jun/2026 09:14:12,437] - Broken pipe from ('127.0.0.1', 54239)
[30/Jun/2026 09:14:12,450] - Broken pipe from ('127.0.0.1', 54240)
[30/Jun/2026 09:14:12,464] - Broken pipe from ('127.0.0.1', 54238)
[30/Jun/2026 09:14:12,474] - Broken pipe from ('127.0.0.1', 54237)
[30/Jun/2026 09:15:22] "GET /hero/ HTTP/1.1" 200 17245
[30/Jun/2026 09:15:22] "GET /assistant/ HTTP/1.1" 200 6095
[30/Jun/2026 09:15:22] "GET / HTTP/1.1" 200 21593
[30/Jun/2026 09:15:22,262] - Broken pipe from ('127.0.0.1', 55084)
[30/Jun/2026 09:15:22,263] - Broken pipe from ('127.0.0.1', 55085)
[30/Jun/2026 09:15:22,297] - Broken pipe from ('127.0.0.1', 55083)
[30/Jun/2026 09:16:24] "GET /hero/ HTTP/1.1" 200 17245
[30/Jun/2026 09:16:24] "GET /static/js/assistant.js HTTP/1.1" 304 0
[30/Jun/2026 09:16:24] "GET /static/js/hero.js HTTP/1.1" 200 5637
[30/Jun/2026 09:16:48] "POST /hero/ HTTP/1.1" 200 13400
[30/Jun/2026 09:16:48] "GET /static/js/hero.js HTTP/1.1" 304 0
[30/Jun/2026 09:23:30] "GET /django-admin/qr/qrlocationvisit/ HTTP/1.1" 200 28541
[30/Jun/2026 09:23:32] "GET /django-admin/qr/qrlocationvisit/ HTTP/1.1" 200 28541
[30/Jun/2026 09:23:32] "GET /django-admin/jsi18n/ HTTP/1.1" 200 14974
[30/Jun/2026 09:23:35] "GET /django-admin/ HTTP/1.1" 200 28113
[30/Jun/2026 09:23:43] "GET /django-admin/qr/qrvisit/ HTTP/1.1" 200 27947
[30/Jun/2026 09:23:43] "GET /django-admin/jsi18n/ HTTP/1.1" 200 14974
[30/Jun/2026 09:23:56] "GET /django-admin/ HTTP/1.1" 200 28113
[30/Jun/2026 09:24:09] "GET /django-admin/qr/qritem/add/ HTTP/1.1" 200 30959
[30/Jun/2026 09:24:09] "GET /django-admin/jsi18n/ HTTP/1.1" 200 14974
[30/Jun/2026 09:26:36] "GET /hero/ HTTP/1.1" 200 17245
[30/Jun/2026 09:26:40] "POST /hero/ HTTP/1.1" 200 13400
[30/Jun/2026 09:26:40] "GET /static/js/assistant.js HTTP/1.1" 304 0
[30/Jun/2026 09:26:40] "GET /static/js/hero.js HTTP/1.1" 304 0
C:\Users\Test2\helth2026\hero\services.py changed, reloading.
Watching for file changes with StatReloader
C:\Users\Test2\helth2026\hero\views.py changed, reloading.
Watching for file changes with StatReloader
C:\Users\Test2\helth2026\core\views.py changed, reloading.
Watching for file changes with StatReloader
C:\Users\Test2\helth2026\qr\forms.py changed, reloading.
Watching for file changes with StatReloader
C:\Users\Test2\helth2026\dashboard\views.py changed, reloading.
Watching for file changes with StatReloader
[30/Jun/2026 09:34:13] "GET /hero/ HTTP/1.1" 200 17108
[30/Jun/2026 09:34:13,095] - Broken pipe from ('127.0.0.1', 62214)
[30/Jun/2026 09:34:52] "GET /hero/ HTTP/1.1" 200 17108
[30/Jun/2026 09:34:52,915] - Broken pipe from ('127.0.0.1', 58764)
[30/Jun/2026 09:35:34] "GET /hero/ HTTP/1.1" 200 17108
[30/Jun/2026 09:35:35] "GET /static/css/identity.css HTTP/1.1" 200 52256
[30/Jun/2026 09:35:35] "GET /assistant/ HTTP/1.1" 200 6095
[30/Jun/2026 09:35:49] "GET /assistant/ HTTP/1.1" 200 6095
[30/Jun/2026 09:35:49] "GET /static/js/smart-entry.js HTTP/1.1" 304 0
[30/Jun/2026 09:35:49] "GET /static/js/splash.js HTTP/1.1" 304 0
[30/Jun/2026 09:35:49] "GET /static/js/assistant.js HTTP/1.1" 304 0
[30/Jun/2026 09:35:49] "GET /static/js/hero.js HTTP/1.1" 200 9234
[30/Jun/2026 09:35:56] "GET /hero/ HTTP/1.1" 200 17108
[30/Jun/2026 09:37:02] "GET /django-admin/qr/qritem/add/ HTTP/1.1" 200 30959
[30/Jun/2026 09:37:03] "GET /django-admin/jsi18n/ HTTP/1.1" 200 14974
[30/Jun/2026 09:37:05] "GET /django-admin/ HTTP/1.1" 200 28113
[30/Jun/2026 09:37:12] "GET /django-admin/qr/qrscan/ HTTP/1.1" 200 31107
[30/Jun/2026 09:37:12] "GET /django-admin/jsi18n/ HTTP/1.1" 200 14974
[30/Jun/2026 09:37:18] "GET /django-admin/qr/qritem/ HTTP/1.1" 200 30369
[30/Jun/2026 09:37:18] "GET /django-admin/jsi18n/ HTTP/1.1" 200 14974
[30/Jun/2026 09:37:30] "GET /django-admin/qr/qrvisit/ HTTP/1.1" 200 27947
[30/Jun/2026 09:37:30] "GET /django-admin/jsi18n/ HTTP/1.1" 200 14974
[30/Jun/2026 09:37:38] "GET /django-admin/qr/qrvisit/add/ HTTP/1.1" 200 27388
[30/Jun/2026 09:37:38] "GET /django-admin/jsi18n/ HTTP/1.1" 200 14974
[30/Jun/2026 09:38:22] "GET /hero/ HTTP/1.1" 200 17108
[30/Jun/2026 09:38:22,917] - Broken pipe from ('127.0.0.1', 64799)
[30/Jun/2026 09:39:11] "GET /hero/ HTTP/1.1" 200 17173
[30/Jun/2026 09:39:11,797] - Broken pipe from ('127.0.0.1', 58181)
[30/Jun/2026 09:40:36] "GET /hero/ HTTP/1.1" 200 17173
[30/Jun/2026 09:40:36] "GET /static/css/identity.css?v=20260630-2 HTTP/1.1" 200 53147
[30/Jun/2026 09:40:36] "GET /static/js/splash.js?v=20260630-2 HTTP/1.1" 200 1447
[30/Jun/2026 09:40:36] "GET /static/js/smart-entry.js?v=20260630-2 HTTP/1.1" 200 2515
[30/Jun/2026 09:40:36] "GET /static/js/assistant.js?v=20260630-2 HTTP/1.1" 200 370
[30/Jun/2026 09:40:36] "GET /static/js/hero.js?v=20260630-2 HTTP/1.1" 200 9234
[30/Jun/2026 09:44:57] "GET /assistant/ HTTP/1.1" 200 6160
[30/Jun/2026 09:44:57] "GET /static/css/identity.css?v=20260630-2 HTTP/1.1" 304 0
[30/Jun/2026 09:44:57] "GET /static/js/assistant.js?v=20260630-2 HTTP/1.1" 304 0
[30/Jun/2026 09:44:57] "GET /static/js/hero.js?v=20260630-2 HTTP/1.1" 304 0
[30/Jun/2026 09:45:24] "GET /journey/ HTTP/1.1" 200 14621
[30/Jun/2026 09:45:39] "POST /journey/ HTTP/1.1" 302 0
[30/Jun/2026 09:45:39] "GET /plan/ HTTP/1.1" 200 13857
[30/Jun/2026 09:45:39] "GET /static/css/identity.css?v=20260630-2 HTTP/1.1" 304 0
[30/Jun/2026 09:45:48] "GET /events/ HTTP/1.1" 200 13380
[30/Jun/2026 09:46:11] "GET /django-admin/ HTTP/1.1" 200 28113
[30/Jun/2026 09:46:11] "GET /static/admin/css/base.css HTTP/1.1" 304 0
[30/Jun/2026 09:46:11] "GET /static/admin/css/dark_mode.css HTTP/1.1" 304 0
[30/Jun/2026 09:46:11] "GET /static/admin/js/theme.js HTTP/1.1" 304 0
[30/Jun/2026 09:46:11] "GET /static/admin/css/rtl.css HTTP/1.1" 304 0
[30/Jun/2026 09:46:11] "GET /static/admin/css/responsive.css HTTP/1.1" 304 0
[30/Jun/2026 09:46:11] "GET /static/admin/css/responsive_rtl.css HTTP/1.1" 304 0
[30/Jun/2026 09:46:11] "GET /static/admin/css/nav_sidebar.css HTTP/1.1" 304 0
[30/Jun/2026 09:46:11] "GET /static/admin/js/nav_sidebar.js HTTP/1.1" 304 0
[30/Jun/2026 09:46:11] "GET /static/admin/img/icon-addlink.svg HTTP/1.1" 304 0
[30/Jun/2026 09:46:11] "GET /static/admin/img/icon-changelink.svg HTTP/1.1" 304 0
[30/Jun/2026 09:46:21] "GET /django-admin/events/healthevent/ HTTP/1.1" 200 32857
[30/Jun/2026 09:46:21] "GET /static/admin/css/forms.css HTTP/1.1" 304 0
[30/Jun/2026 09:46:21] "GET /static/admin/js/vendor/jquery/jquery.js HTTP/1.1" 304 0
[30/Jun/2026 09:46:21] "GET /static/admin/js/admin/RelatedObjectLookups.js HTTP/1.1" 304 0
[30/Jun/2026 09:46:21] "GET /static/admin/js/urlify.js HTTP/1.1" 304 0
[30/Jun/2026 09:46:21] "GET /static/admin/css/changelists.css HTTP/1.1" 304 0
[30/Jun/2026 09:46:21] "GET /static/admin/js/actions.js HTTP/1.1" 304 0
[30/Jun/2026 09:46:21] "GET /static/admin/js/core.js HTTP/1.1" 304 0
[30/Jun/2026 09:46:21] "GET /static/admin/js/vendor/xregexp/xregexp.js HTTP/1.1" 304 0
[30/Jun/2026 09:46:21] "GET /static/admin/js/jquery.init.js HTTP/1.1" 304 0
[30/Jun/2026 09:46:21] "GET /static/admin/js/prepopulate.js HTTP/1.1" 304 0
[30/Jun/2026 09:46:21] "GET /static/admin/img/search.svg HTTP/1.1" 304 0
[30/Jun/2026 09:46:21] "GET /static/admin/css/widgets.css HTTP/1.1" 304 0
[30/Jun/2026 09:46:21] "GET /django-admin/jsi18n/ HTTP/1.1" 200 14974
[30/Jun/2026 09:46:21] "GET /static/admin/js/filters.js HTTP/1.1" 304 0
[30/Jun/2026 09:46:22] "GET /static/admin/img/tooltag-add.svg HTTP/1.1" 304 0
[30/Jun/2026 09:46:22] "GET /static/admin/img/icon-viewlink.svg HTTP/1.1" 304 0
[30/Jun/2026 09:46:22] "GET /static/admin/img/sorting-icons.svg HTTP/1.1" 304 0
[30/Jun/2026 09:46:28] "GET /django-admin/events/healthevent/1/change/ HTTP/1.1" 200 34669
[30/Jun/2026 09:46:28] "GET /django-admin/jsi18n/ HTTP/1.1" 200 14974
[30/Jun/2026 09:46:28] "GET /static/admin/js/calendar.js HTTP/1.1" 304 0
[30/Jun/2026 09:46:28] "GET /static/admin/js/prepopulate_init.js HTTP/1.1" 304 0
[30/Jun/2026 09:46:28] "GET /static/admin/js/admin/DateTimeShortcuts.js HTTP/1.1" 304 0
[30/Jun/2026 09:46:28] "GET /static/admin/js/change_form.js HTTP/1.1" 304 0
[30/Jun/2026 09:46:28] "GET /static/admin/img/icon-calendar.svg HTTP/1.1" 304 0
C:\Users\Test2\helth2026\qr\models.py changed, reloading.
Watching for file changes with StatReloader
C:\Users\Test2\helth2026\core\models.py changed, reloading.
Watching for file changes with StatReloader
C:\Users\Test2\helth2026\core\admin.py changed, reloading.
Watching for file changes with StatReloader
C:\Users\Test2\helth2026\qr\admin.py changed, reloading.
Watching for file changes with StatReloader
C:\Users\Test2\helth2026\qr\services.py changed, reloading.
Watching for file changes with StatReloader
C:\Users\Test2\helth2026\qr\services.py changed, reloading.
Watching for file changes with StatReloader
C:\Users\Test2\helth2026\qr\views.py changed, reloading.
Watching for file changes with StatReloader
C:\Users\Test2\helth2026\helth2026\urls.py changed, reloading.
Watching for file changes with StatReloader
C:\Users\Test2\helth2026\dashboard\views.py changed, reloading.
Watching for file changes with StatReloader
C:\Users\Test2\helth2026\dashboard\views.py changed, reloading.
Watching for file changes with StatReloader
C:\Users\Test2\helth2026\dashboard\views.py changed, reloading.
Watching for file changes with StatReloader
C:\Users\Test2\helth2026\dashboard\views.py changed, reloading.
Watching for file changes with StatReloader
C:\Users\Test2\helth2026\qr\models.py changed, reloading.
Watching for file changes with StatReloader
C:\Users\Test2\helth2026\core\models.py changed, reloading.
Watching for file changes with StatReloader
C:\Users\Test2\helth2026\qr\forms.py changed, reloading.
Watching for file changes with StatReloader
C:\Users\Test2\helth2026\qr\forms.py changed, reloading.
Watching for file changes with StatReloader
[30/Jun/2026 12:19:25] "GET /django-admin/events/healthevent/1/change/ HTTP/1.1" 200 35159
[30/Jun/2026 12:19:26] "GET /static/admin/css/rtl.css HTTP/1.1" 200 4779
[30/Jun/2026 12:19:26] "GET /static/admin/css/responsive.css HTTP/1.1" 200 16273
[30/Jun/2026 12:19:26] "GET /static/admin/css/forms.css HTTP/1.1" 200 8831
[30/Jun/2026 12:19:26] "GET /static/admin/css/responsive_rtl.css HTTP/1.1" 200 2157
[30/Jun/2026 12:19:26] "GET /static/admin/css/dark_mode.css HTTP/1.1" 200 3538
[30/Jun/2026 12:19:26] "GET /django-admin/jsi18n/ HTTP/1.1" 200 14974
[30/Jun/2026 12:19:26] "GET /static/admin/css/nav_sidebar.css HTTP/1.1" 200 2810
[30/Jun/2026 12:19:26] "GET /static/admin/css/base.css HTTP/1.1" 200 23100
[30/Jun/2026 12:19:26] "GET /static/admin/js/theme.js HTTP/1.1" 200 1653
[30/Jun/2026 12:19:26] "GET /static/admin/js/jquery.init.js HTTP/1.1" 200 347
[30/Jun/2026 12:19:26] "GET /static/admin/js/calendar.js HTTP/1.1" 200 9159
[30/Jun/2026 12:19:26] "GET /static/admin/js/admin/DateTimeShortcuts.js HTTP/1.1" 200 19698
[30/Jun/2026 12:19:26] "GET /static/admin/js/core.js HTTP/1.1" 200 6208
[30/Jun/2026 12:19:26] "GET /static/admin/css/widgets.css HTTP/1.1" 200 11811
[30/Jun/2026 12:19:26] "GET /static/admin/js/urlify.js HTTP/1.1" 200 7887
[30/Jun/2026 12:19:26] "GET /static/admin/js/actions.js HTTP/1.1" 200 8077
[30/Jun/2026 12:19:26] "GET /static/admin/js/prepopulate.js HTTP/1.1" 200 1531
[30/Jun/2026 12:19:26] "GET /static/admin/js/admin/RelatedObjectLookups.js HTTP/1.1" 200 9777
[30/Jun/2026 12:19:26] "GET /static/admin/js/prepopulate_init.js HTTP/1.1" 200 586
[30/Jun/2026 12:19:26] "GET /static/admin/js/vendor/jquery/jquery.js HTTP/1.1" 200 285314
[30/Jun/2026 12:19:26] "GET /static/admin/js/nav_sidebar.js HTTP/1.1" 200 3063
[30/Jun/2026 12:19:26] "GET /static/admin/js/vendor/xregexp/xregexp.js HTTP/1.1" 200 325171
[30/Jun/2026 12:19:26] "GET /static/admin/js/change_form.js HTTP/1.1" 200 606
[30/Jun/2026 12:19:26] "GET /static/admin/img/icon-addlink.svg HTTP/1.1" 200 593
Not Found: /favicon.ico
[30/Jun/2026 12:19:27] "GET /static/admin/img/icon-calendar.svg HTTP/1.1" 200 1112
[30/Jun/2026 12:19:27] "GET /favicon.ico HTTP/1.1" 404 5410
[30/Jun/2026 12:19:29] "GET /django-admin/events/healthevent/1/change/ HTTP/1.1" 200 35159
[30/Jun/2026 12:19:29] "GET /static/admin/css/base.css HTTP/1.1" 200 23100
[30/Jun/2026 12:19:29] "GET /static/admin/css/dark_mode.css HTTP/1.1" 200 3538
[30/Jun/2026 12:19:29] "GET /static/admin/css/rtl.css HTTP/1.1" 200 4779
[30/Jun/2026 12:19:29] "GET /static/admin/css/nav_sidebar.css HTTP/1.1" 200 2810
[30/Jun/2026 12:19:29] "GET /static/admin/css/forms.css HTTP/1.1" 200 8831
[30/Jun/2026 12:19:29] "GET /static/admin/js/theme.js HTTP/1.1" 200 1653
[30/Jun/2026 12:19:29] "GET /django-admin/jsi18n/ HTTP/1.1" 200 14974
[30/Jun/2026 12:19:29] "GET /static/admin/css/responsive_rtl.css HTTP/1.1" 200 2157
[30/Jun/2026 12:19:29] "GET /static/admin/js/calendar.js HTTP/1.1" 200 9159
[30/Jun/2026 12:19:29] "GET /static/admin/js/jquery.init.js HTTP/1.1" 200 347
[30/Jun/2026 12:19:29] "GET /static/admin/css/responsive.css HTTP/1.1" 200 16273
[30/Jun/2026 12:19:29] "GET /static/admin/js/vendor/jquery/jquery.js HTTP/1.1" 200 285314
[30/Jun/2026 12:19:29] "GET /static/admin/js/core.js HTTP/1.1" 200 6208
[30/Jun/2026 12:19:29] "GET /static/admin/js/actions.js HTTP/1.1" 200 8077
[30/Jun/2026 12:19:29] "GET /static/admin/js/admin/RelatedObjectLookups.js HTTP/1.1" 200 9777
[30/Jun/2026 12:19:29] "GET /static/admin/js/prepopulate.js HTTP/1.1" 200 1531
[30/Jun/2026 12:19:29] "GET /static/admin/js/admin/DateTimeShortcuts.js HTTP/1.1" 200 19698
[30/Jun/2026 12:19:29] "GET /static/admin/js/urlify.js HTTP/1.1" 200 7887
[30/Jun/2026 12:19:29] "GET /static/admin/js/prepopulate_init.js HTTP/1.1" 200 586
[30/Jun/2026 12:19:29] "GET /static/admin/css/widgets.css HTTP/1.1" 200 11811
[30/Jun/2026 12:19:29] "GET /static/admin/js/vendor/xregexp/xregexp.js HTTP/1.1" 200 325171
[30/Jun/2026 12:19:29] "GET /static/admin/js/nav_sidebar.js HTTP/1.1" 200 3063
[30/Jun/2026 12:19:29] "GET /static/admin/js/change_form.js HTTP/1.1" 200 606
[30/Jun/2026 12:19:29] "GET /static/admin/img/icon-addlink.svg HTTP/1.1" 200 593
[30/Jun/2026 12:19:29] "GET /static/admin/img/icon-calendar.svg HTTP/1.1" 200 1112
Not Found: /favicon.ico
[30/Jun/2026 12:19:29] "GET /favicon.ico HTTP/1.1" 404 5410
[30/Jun/2026 12:19:33] "GET /django-admin/ HTTP/1.1" 200 28797
[30/Jun/2026 12:19:33] "GET /static/admin/css/dashboard.css HTTP/1.1" 304 0
[30/Jun/2026 12:19:33] "GET /static/admin/img/icon-changelink.svg HTTP/1.1" 304 0
[30/Jun/2026 12:19:43] "GET /django-admin/qr/qrvisitorprofile/ HTTP/1.1" 200 28850
[30/Jun/2026 12:19:43] "GET /static/admin/css/changelists.css HTTP/1.1" 304 0
[30/Jun/2026 12:19:43] "GET /static/admin/img/search.svg HTTP/1.1" 304 0
[30/Jun/2026 12:19:43] "GET /django-admin/jsi18n/ HTTP/1.1" 200 14974
[30/Jun/2026 12:19:43] "GET /static/admin/js/filters.js HTTP/1.1" 304 0
[30/Jun/2026 12:19:43] "GET /static/admin/img/tooltag-add.svg HTTP/1.1" 304 0
[30/Jun/2026 12:19:43] "GET /static/admin/img/icon-viewlink.svg HTTP/1.1" 304 0
[30/Jun/2026 12:20:15] "GET /django-admin/qr/qritem/ HTTP/1.1" 200 30859
[30/Jun/2026 12:20:15] "GET /static/admin/img/icon-yes.svg HTTP/1.1" 304 0
[30/Jun/2026 12:20:15] "GET /django-admin/jsi18n/ HTTP/1.1" 200 14974
[30/Jun/2026 12:20:15] "GET /static/admin/img/sorting-icons.svg HTTP/1.1" 304 0
[30/Jun/2026 12:20:30] "GET /events/ HTTP/1.1" 200 15301
[30/Jun/2026 12:20:31] "GET /static/css/identity.css?v=20260630-3 HTTP/1.1" 200 52664
[30/Jun/2026 12:20:31] "GET /static/js/splash.js?v=20260630-3 HTTP/1.1" 200 1447
[30/Jun/2026 12:20:31] "GET /static/js/assistant.js?v=20260630-3 HTTP/1.1" 200 370
[30/Jun/2026 12:20:31] "GET /static/js/smart-entry.js?v=20260630-3 HTTP/1.1" 200 4396
[30/Jun/2026 12:20:31] "GET /static/js/hero.js?v=20260630-3 HTTP/1.1" 200 9234
[30/Jun/2026 12:21:21] "GET /django-admin/ HTTP/1.1" 200 28797
[30/Jun/2026 12:21:48] "GET /django-admin/awareness/awarenesscontent/ HTTP/1.1" 200 31948
[30/Jun/2026 12:21:48] "GET /django-admin/jsi18n/ HTTP/1.1" 200 14974
[30/Jun/2026 12:21:57] "GET /django-admin/awareness/awarenesscontent/add/ HTTP/1.1" 200 32045
[30/Jun/2026 12:21:57] "GET /django-admin/jsi18n/ HTTP/1.1" 200 14974
C:\Users\Test2\helth2026\helth2026\settings.py changed, reloading.
Watching for file changes with StatReloader
C:\Users\Test2\helth2026\helth2026\urls.py changed, reloading.
Watching for file changes with StatReloader
C:\Users\Test2\helth2026\helth2026\urls.py changed, reloading.
Watching for file changes with StatReloader
C:\Users\Test2\helth2026\awareness\models.py changed, reloading.
Watching for file changes with StatReloader
C:\Users\Test2\helth2026\awareness\admin.py changed, reloading.
Watching for file changes with StatReloader
C:\Users\Test2\helth2026\awareness\views.py changed, reloading.
Watching for file changes with StatReloader
[30/Jun/2026 12:39:32] "GET /django-admin/awareness/awarenesscontent/add/ HTTP/1.1" 200 35829
[30/Jun/2026 12:39:32] "GET /django-admin/jsi18n/ HTTP/1.1" 200 14974
[30/Jun/2026 12:40:10] "POST /django-admin/awareness/awarenesscontent/add/ HTTP/1.1" 200 36229
[30/Jun/2026 12:40:10] "GET /django-admin/jsi18n/ HTTP/1.1" 200 14974
[30/Jun/2026 12:40:51] "POST /django-admin/awareness/awarenesscontent/add/ HTTP/1.1" 302 0
[30/Jun/2026 12:40:51] "GET /django-admin/awareness/awarenesscontent/ HTTP/1.1" 200 33255
[30/Jun/2026 12:40:51] "GET /django-admin/jsi18n/ HTTP/1.1" 200 14974
C:\Users\Test2\helth2026\dashboard\views.py changed, reloading.
Watching for file changes with StatReloader
[30/Jun/2026 12:46:21] "GET /django-admin/awareness/awarenesscontent/ HTTP/1.1" 200 33026
[30/Jun/2026 12:46:21] "GET /django-admin/jsi18n/ HTTP/1.1" 200 14974
[30/Jun/2026 12:46:33] "GET /django-admin/qr/qrscan/ HTTP/1.1" 200 31597
[30/Jun/2026 12:46:33] "GET /django-admin/jsi18n/ HTTP/1.1" 200 14974
[30/Jun/2026 12:53:16] "GET / HTTP/1.1" 200 23579
[30/Jun/2026 12:53:33] "GET / HTTP/1.1" 200 23579
[30/Jun/2026 12:53:39] "GET / HTTP/1.1" 200 23579
[30/Jun/2026 12:53:39] "GET /static/img/asir-white.png HTTP/1.1" 304 0
[30/Jun/2026 12:53:39] "GET /static/img/cluster-white.png HTTP/1.1" 304 0
[30/Jun/2026 12:53:39] "GET /static/img/cluster-color.png HTTP/1.1" 304 0
[30/Jun/2026 12:53:39] "GET /static/css/identity.css?v=20260630-3 HTTP/1.1" 200 58889
[30/Jun/2026 12:53:39] "GET /static/js/splash.js?v=20260630-3 HTTP/1.1" 200 1447
[30/Jun/2026 12:53:39] "GET /static/js/smart-entry.js?v=20260630-3 HTTP/1.1" 200 4396
[30/Jun/2026 12:53:39] "GET /static/js/assistant.js?v=20260630-3 HTTP/1.1" 200 370
[30/Jun/2026 12:53:39] "GET /static/js/hero.js?v=20260630-3 HTTP/1.1" 200 9234
[30/Jun/2026 12:53:46] "POST /qr/profile/ HTTP/1.1" 200 12
[30/Jun/2026 12:53:48] "POST /qr/profile/ HTTP/1.1" 200 12
[30/Jun/2026 12:53:50] "POST /qr/profile/ HTTP/1.1" 200 12
[30/Jun/2026 12:53:57] "POST /qr/profile/ HTTP/1.1" 200 12
[30/Jun/2026 12:54:08] "POST /qr/profile/ HTTP/1.1" 200 12
[30/Jun/2026 12:54:08] "GET /plan/ HTTP/1.1" 200 13658
[30/Jun/2026 12:54:19] "GET /journey/ HTTP/1.1" 200 16542
[30/Jun/2026 12:54:23] "GET /assistant/ HTTP/1.1" 200 6160
[30/Jun/2026 12:54:42] "GET /assistant/ HTTP/1.1" 200 6160
[30/Jun/2026 12:54:43] "GET /downloads/ HTTP/1.1" 200 26249
[30/Jun/2026 12:54:43] "GET /media/awareness/thumbnails/images_1.jpg HTTP/1.1" 200 9876
[30/Jun/2026 13:45:24] "GET /downloads/ HTTP/1.1" 200 26249
[30/Jun/2026 13:45:24] "GET /static/css/identity.css?v=20260630-3 HTTP/1.1" 304 0
[30/Jun/2026 13:45:24] "GET /static/js/smart-entry.js?v=20260630-3 HTTP/1.1" 304 0
[30/Jun/2026 13:45:24] "GET /static/js/assistant.js?v=20260630-3 HTTP/1.1" 304 0
[30/Jun/2026 13:45:24] "GET /static/js/hero.js?v=20260630-3 HTTP/1.1" 304 0
[30/Jun/2026 13:45:24] "GET /media/awareness/thumbnails/images_1.jpg HTTP/1.1" 304 0
[30/Jun/2026 13:45:30] "GET /admin/ HTTP/1.1" 200 18420
[30/Jun/2026 13:45:56] "GET /admin/qr-locations/ HTTP/1.1" 200 24577
[30/Jun/2026 13:45:56] "GET /admin/qr-locations/2/png/ HTTP/1.1" 200 9007
[30/Jun/2026 13:45:56] "GET /admin/qr-locations/1/png/ HTTP/1.1" 200 9040
[30/Jun/2026 13:45:56] "GET /admin/qr-locations/3/png/ HTTP/1.1" 200 9024
[30/Jun/2026 13:46:34] "POST /admin/qr-locations/ HTTP/1.1" 302 0
[30/Jun/2026 13:46:34] "GET /admin/qr-locations/ HTTP/1.1" 200 27827
[30/Jun/2026 13:46:34] "GET /admin/qr-locations/2/png/ HTTP/1.1" 200 9007
[30/Jun/2026 13:46:34] "GET /admin/qr-locations/5/png/ HTTP/1.1" 200 9040
[30/Jun/2026 13:46:34] "GET /admin/qr-locations/3/png/ HTTP/1.1" 200 9024
[30/Jun/2026 13:46:35] "GET /admin/qr-locations/1/png/ HTTP/1.1" 200 9040
[30/Jun/2026 13:47:23] "GET /admin/qr-locations/5/png/?download=1 HTTP/1.1" 200 9040
[30/Jun/2026 13:47:51] "GET /downloads/ HTTP/1.1" 200 26249
[30/Jun/2026 13:48:04] "POST /qr/profile/ HTTP/1.1" 200 12
[30/Jun/2026 13:48:05] "POST /qr/profile/ HTTP/1.1" 200 12
[30/Jun/2026 13:48:06] "POST /qr/profile/ HTTP/1.1" 200 12
[30/Jun/2026 13:48:09] "POST /qr/profile/ HTTP/1.1" 200 12
[30/Jun/2026 13:48:15] "POST /qr/profile/ HTTP/1.1" 200 12
[30/Jun/2026 13:48:54] "GET /admin/ HTTP/1.1" 200 19026
[30/Jun/2026 13:49:34] "GET /django-admin/awareness/awarenesscontent/add/ HTTP/1.1" 200 35829
[30/Jun/2026 13:49:34] "GET /django-admin/jsi18n/ HTTP/1.1" 200 14974
[30/Jun/2026 13:49:53] "GET /django-admin/ HTTP/1.1" 200 29190
C:\Users\Test2\helth2026\dashboard\views.py changed, reloading.
Watching for file changes with StatReloader
C:\Users\Test2\helth2026\helth2026\urls.py changed, reloading.
Watching for file changes with StatReloader
[30/Jun/2026 13:58:13] "GET /django-admin/ HTTP/1.1" 200 29190
[30/Jun/2026 13:58:13] "GET /static/admin/css/base.css HTTP/1.1" 304 0
[30/Jun/2026 13:58:13] "GET /static/admin/css/dark_mode.css HTTP/1.1" 304 0
[30/Jun/2026 13:58:13] "GET /static/admin/js/theme.js HTTP/1.1" 304 0
[30/Jun/2026 13:58:13] "GET /static/admin/css/responsive_rtl.css HTTP/1.1" 304 0
[30/Jun/2026 13:58:13] "GET /static/admin/css/nav_sidebar.css HTTP/1.1" 304 0
[30/Jun/2026 13:58:13] "GET /static/admin/css/dashboard.css HTTP/1.1" 304 0
[30/Jun/2026 13:58:13] "GET /static/admin/css/rtl.css HTTP/1.1" 304 0
[30/Jun/2026 13:58:13] "GET /static/admin/css/responsive.css HTTP/1.1" 304 0
[30/Jun/2026 13:58:13] "GET /static/admin/js/nav_sidebar.js HTTP/1.1" 304 0
[30/Jun/2026 13:58:13] "GET /static/admin/img/icon-addlink.svg HTTP/1.1" 304 0
[30/Jun/2026 13:58:13] "GET /static/admin/img/icon-changelink.svg HTTP/1.1" 304 0
[30/Jun/2026 13:58:26] "GET /downloads/?type=pdf HTTP/1.1" 200 17940
[30/Jun/2026 13:58:26] "GET /static/css/identity.css?v=20260630-3 HTTP/1.1" 304 0
[30/Jun/2026 13:58:37] "GET /django-admin/awareness/awarenesscontent/ HTTP/1.1" 200 33026
[30/Jun/2026 13:58:37] "GET /static/admin/css/changelists.css HTTP/1.1" 304 0
[30/Jun/2026 13:58:37] "GET /static/admin/css/forms.css HTTP/1.1" 304 0
[30/Jun/2026 13:58:37] "GET /static/admin/js/core.js HTTP/1.1" 304 0
[30/Jun/2026 13:58:37] "GET /static/admin/js/jquery.init.js HTTP/1.1" 304 0
[30/Jun/2026 13:58:37] "GET /static/admin/js/vendor/jquery/jquery.js HTTP/1.1" 304 0
[30/Jun/2026 13:58:37] "GET /static/admin/js/admin/RelatedObjectLookups.js HTTP/1.1" 304 0
[30/Jun/2026 13:58:37] "GET /static/admin/js/actions.js HTTP/1.1" 304 0
[30/Jun/2026 13:58:37] "GET /static/admin/js/prepopulate.js HTTP/1.1" 304 0
[30/Jun/2026 13:58:37] "GET /static/admin/js/urlify.js HTTP/1.1" 304 0
[30/Jun/2026 13:58:37] "GET /static/admin/js/vendor/xregexp/xregexp.js HTTP/1.1" 304 0
[30/Jun/2026 13:58:37] "GET /django-admin/jsi18n/ HTTP/1.1" 200 14974
[30/Jun/2026 13:58:37] "GET /static/admin/css/widgets.css HTTP/1.1" 304 0
[30/Jun/2026 13:58:37] "GET /static/admin/img/search.svg HTTP/1.1" 304 0
[30/Jun/2026 13:58:37] "GET /static/admin/js/filters.js HTTP/1.1" 304 0
[30/Jun/2026 13:58:37] "GET /static/admin/img/tooltag-add.svg HTTP/1.1" 304 0
[30/Jun/2026 13:58:37] "GET /static/admin/img/sorting-icons.svg HTTP/1.1" 304 0
[30/Jun/2026 13:58:37] "GET /static/admin/img/icon-viewlink.svg HTTP/1.1" 304 0
[30/Jun/2026 13:58:41] "GET /django-admin/awareness/awarenesscontent/add/ HTTP/1.1" 200 35829
[30/Jun/2026 13:58:41] "GET /django-admin/jsi18n/ HTTP/1.1" 200 14974
[30/Jun/2026 13:58:41] "GET /static/admin/js/change_form.js HTTP/1.1" 304 0
[30/Jun/2026 13:58:42] "GET /static/admin/js/prepopulate_init.js HTTP/1.1" 304 0
[30/Jun/2026 13:59:10] "POST /django-admin/awareness/awarenesscontent/add/ HTTP/1.1" 302 0
[30/Jun/2026 13:59:10] "GET /django-admin/awareness/awarenesscontent/ HTTP/1.1" 200 33913
[30/Jun/2026 13:59:10] "GET /django-admin/jsi18n/ HTTP/1.1" 200 14974
[30/Jun/2026 13:59:10] "GET /static/admin/img/icon-yes.svg HTTP/1.1" 304 0
[30/Jun/2026 13:59:15] "GET /downloads/?type=pdf HTTP/1.1" 200 21350
[30/Jun/2026 13:59:18] "GET /downloads/?download=5 HTTP/1.1" 302 0
[30/Jun/2026 13:59:19] "GET /media/awareness/files/technical_financial_proposal_sayf_seha_musaed_updated.pdf HTTP/1.1" 200 302170
[30/Jun/2026 13:59:19] "GET /media/awareness/files/technical_financial_proposal_sayf_seha_musaed_updated.pdf HTTP/1.1" 200 302170
[30/Jun/2026 13:59:29] "GET /media/awareness/files/technical_financial_proposal_sayf_seha_musaed_updated.pdf HTTP/1.1" 304 0
[30/Jun/2026 13:59:33] "GET /media/awareness/files/technical_financial_proposal_sayf_seha_musaed_updated.pdf HTTP/1.1" 304 0
[30/Jun/2026 13:59:56] "POST /django-admin/awareness/awarenesscontent/ HTTP/1.1" 302 0
[30/Jun/2026 13:59:56] "GET /django-admin/awareness/awarenesscontent/ HTTP/1.1" 200 33677
[30/Jun/2026 13:59:56] "GET /django-admin/jsi18n/ HTTP/1.1" 200 14974
[30/Jun/2026 14:00:19] "POST /django-admin/awareness/awarenesscontent/ HTTP/1.1" 302 0
[30/Jun/2026 14:00:19] "GET /django-admin/awareness/awarenesscontent/ HTTP/1.1" 200 33677
[30/Jun/2026 14:00:19] "GET /django-admin/jsi18n/ HTTP/1.1" 200 14974
[30/Jun/2026 14:00:27] "GET /admin/ HTTP/1.1" 302 0
[30/Jun/2026 14:00:27] "GET /admin/downloads/ HTTP/1.1" 302 0
[30/Jun/2026 14:00:27] "GET /admin/events/ HTTP/1.1" 302 0
[30/Jun/2026 14:00:27] "GET /admin/locations/ HTTP/1.1" 302 0
[30/Jun/2026 14:00:40] "GET /admin/ HTTP/1.1" 200 17490
[30/Jun/2026 14:00:40] "GET /admin/locations/ HTTP/1.1" 200 27482
[30/Jun/2026 14:00:40] "GET /admin/messages/ HTTP/1.1" 200 20923
[30/Jun/2026 14:00:40] "GET /admin/downloads/ HTTP/1.1" 200 25774
[30/Jun/2026 14:00:40] "GET /admin/events/ HTTP/1.1" 200 19890
[30/Jun/2026 14:00:40] "GET /media/awareness/thumbnails/images_1.jpg HTTP/1.1" 304 0
[30/Jun/2026 14:01:03] "GET /admin/downloads/ HTTP/1.1" 200 25774
[30/Jun/2026 14:01:13] "GET /admin/ HTTP/1.1" 200 17490
[30/Jun/2026 14:01:21] "GET /admin/locations/ HTTP/1.1" 200 27482
[30/Jun/2026 14:01:36] "GET /django-admin/awareness/awarenesscontent/ HTTP/1.1" 200 33677
[30/Jun/2026 14:01:56] "GET /django-admin/awareness/awarenesscontent/ HTTP/1.1" 200 33677
[30/Jun/2026 14:01:56] "GET /django-admin/jsi18n/ HTTP/1.1" 200 14974
[30/Jun/2026 14:02:10] "GET /admin/events/ HTTP/1.1" 200 19890
[30/Jun/2026 14:02:11] "GET /admin/messages/ HTTP/1.1" 200 20923
[30/Jun/2026 14:02:58] "GET /admin/downloads/ HTTP/1.1" 200 25774
[30/Jun/2026 14:03:11] "GET /admin/events/ HTTP/1.1" 200 19890
[30/Jun/2026 14:05:37] "GET /django-admin/core/homeconfig/ HTTP/1.1" 200 27570
[30/Jun/2026 14:05:37] "GET /django-admin/jsi18n/ HTTP/1.1" 200 14974
[30/Jun/2026 14:05:43] "GET /django-admin/core/homeconfig/add/ HTTP/1.1" 200 31858
[30/Jun/2026 14:05:43] "GET /django-admin/jsi18n/ HTTP/1.1" 200 14974
[30/Jun/2026 14:05:59] "GET /django-admin/dashboard/operationlog/ HTTP/1.1" 200 29854
[30/Jun/2026 14:05:59] "GET /django-admin/jsi18n/ HTTP/1.1" 200 14974
C:\Users\Test2\helth2026\helth2026\urls.py changed, reloading.
Watching for file changes with StatReloader
C:\Users\Test2\helth2026\helth2026\urls.py changed, reloading.
Watching for file changes with StatReloader
C:\Users\Test2\helth2026\helth2026\urls.py changed, reloading.
Watching for file changes with StatReloader
C:\Users\Test2\helth2026\helth2026\urls.py changed, reloading.
Watching for file changes with StatReloader
[30/Jun/2026 14:10:36] "GET /django-admin/ HTTP/1.1" 302 0
[30/Jun/2026 14:10:36] "GET /django-admin/awareness/awarenesscontent/ HTTP/1.1" 302 0
[30/Jun/2026 14:11:23] "GET /django-admin/ HTTP/1.1" 200 29590
[30/Jun/2026 14:11:23] "GET /admin/ HTTP/1.1" 200 17490
[30/Jun/2026 14:11:23] "GET /static/css/identity.css?v=20260630-3 HTTP/1.1" 304 0
[30/Jun/2026 14:11:23] "GET /static/js/smart-entry.js?v=20260630-3 HTTP/1.1" 304 0
[30/Jun/2026 14:11:24] "GET /static/js/hero.js?v=20260630-3 HTTP/1.1" 304 0
[30/Jun/2026 14:11:40] "GET /django-admin/qr/qrvisitorprofile/ HTTP/1.1" 200 31872
[30/Jun/2026 14:11:40] "GET /django-admin/jsi18n/ HTTP/1.1" 200 14974
[30/Jun/2026 14:11:55] "GET /django-admin/qr/qrlocation/ HTTP/1.1" 200 32824
[30/Jun/2026 14:11:55] "GET /django-admin/jsi18n/ HTTP/1.1" 200 14974
[30/Jun/2026 14:12:02] "GET /django-admin/qr/qrlocation/2/change/ HTTP/1.1" 200 34767
[30/Jun/2026 14:12:02] "GET /django-admin/jsi18n/ HTTP/1.1" 200 14974
[30/Jun/2026 14:12:02] "GET /static/admin/img/icon-deletelink.svg HTTP/1.1" 304 0
[30/Jun/2026 14:14:09] "GET /django-admin/qr/qrlocation/2/change/ HTTP/1.1" 200 34767
[30/Jun/2026 14:14:09] "GET /django-admin/jsi18n/ HTTP/1.1" 200 14974
[30/Jun/2026 14:14:38] "GET /django-admin/qr/qrscan/ HTTP/1.1" 200 31597
[30/Jun/2026 14:14:38] "GET /django-admin/jsi18n/ HTTP/1.1" 200 14974
[30/Jun/2026 14:14:42] "GET /django-admin/qr/qrscan/add/ HTTP/1.1" 200 32565
[30/Jun/2026 14:14:42] "GET /django-admin/jsi18n/ HTTP/1.1" 200 14974
[30/Jun/2026 14:15:05] "POST /django-admin/qr/qrscan/add/ HTTP/1.1" 302 0
[30/Jun/2026 14:15:05] "GET /django-admin/qr/qrscan/ HTTP/1.1" 200 32251
[30/Jun/2026 14:15:05] "GET /django-admin/jsi18n/ HTTP/1.1" 200 14974
[30/Jun/2026 14:15:09] "GET /django-admin/qr/qrscan/7/change/ HTTP/1.1" 200 32868
[30/Jun/2026 14:15:09] "GET /django-admin/jsi18n/ HTTP/1.1" 200 14974
[30/Jun/2026 14:16:00] "GET /admin/qr-locations/ HTTP/1.1" 302 0
[30/Jun/2026 14:16:01] "GET /admin/qr-locations/?edit=1 HTTP/1.1" 302 0
[30/Jun/2026 14:16:01] "GET /django-admin/qr/ HTTP/1.1" 302 0
Method Not Allowed (GET): /qr/profile/
[30/Jun/2026 14:16:01] "GET /qr/profile/ HTTP/1.1" 405 0
[30/Jun/2026 14:17:19] "GET /admin/ HTTP/1.1" 200 17746
[30/Jun/2026 14:17:19] "GET /static/js/assistant.js?v=20260630-3 HTTP/1.1" 304 0
[30/Jun/2026 14:17:19] "GET /static/css/identity.css?v=20260630-3 HTTP/1.1" 304 0
[30/Jun/2026 14:17:24] "GET /admin/locations/ HTTP/1.1" 200 27482
[30/Jun/2026 14:17:24] "GET /static/css/identity.css?v=20260630-3 HTTP/1.1" 304 0
[30/Jun/2026 14:17:24] "GET /static/js/smart-entry.js?v=20260630-3 HTTP/1.1" 304 0
[30/Jun/2026 14:17:24] "GET /static/js/assistant.js?v=20260630-3 HTTP/1.1" 304 0
[30/Jun/2026 14:17:24] "GET /static/js/hero.js?v=20260630-3 HTTP/1.1" 304 0
C:\Users\Test2\helth2026\dashboard\views.py changed, reloading.
Watching for file changes with StatReloader
[30/Jun/2026 14:25:25] "GET /admin/login/ HTTP/1.1" 200 2378
[30/Jun/2026 14:25:32] "GET /admin/ HTTP/1.1" 302 0
[30/Jun/2026 14:25:33] "GET /django-admin/ HTTP/1.1" 302 0
[30/Jun/2026 14:26:34] "GET /django-admin/qr/qrscan/7/change/ HTTP/1.1" 302 0
[30/Jun/2026 14:26:34] "GET /django-admin/login/?next=/django-admin/qr/qrscan/7/change/ HTTP/1.1" 200 4428
[30/Jun/2026 14:26:34] "GET /static/admin/css/login.css HTTP/1.1" 200 951
[30/Jun/2026 14:26:37] "POST /django-admin/login/?next=/django-admin/qr/qrscan/7/change/ HTTP/1.1" 200 4676
[30/Jun/2026 14:26:44] "POST /django-admin/login/?next=/django-admin/qr/qrscan/7/change/ HTTP/1.1" 200 4677
